<?xml version="1.0" encoding="UTF-8"?>
<!-- Generated by org.testng.reporters.JUnitReportReporter -->
<testsuite skipped="0" hostname="DESKTOP-VEOTJMG" name="tests.RegisterTest" tests="3" failures="0" timestamp="2021-09-22T20:18:34 EET" time="16.417" errors="0">
  <testcase name="FillinRegistrationForm" time="8.467" classname="tests.RegisterTest"/>
  <system-out/>
  <testcase name="UserCanLoginFacebookWithValidData" time="6.440" classname="tests.RegisterTest"/>
  <system-out/>
  <testcase name="UserCanLoginFacebookWithInvalidData" time="1.510" classname="tests.RegisterTest"/>
  <system-out/>
</testsuite> <!-- tests.RegisterTest -->
